Filename: rz_pic.py

Line #    Mem usage    Increment  Occurrences   Line Contents
=============================================================
    33   98.152 MiB 62702260.109 MiB     1260284   @profile
    34                                         def gather(data, lc):
    35   98.152 MiB    0.070 MiB     1260284       i = math.trunc(lc[0])
    36   98.152 MiB    0.000 MiB     1260284       j = math.trunc(lc[1])
    37   98.152 MiB    0.000 MiB     1260284       di = lc[0] - i
    38   98.152 MiB    0.000 MiB     1260284       dj = lc[1] - j
    39   98.152 MiB    0.039 MiB     5041136       return (data[i][j] * (1 - di) * (1 - dj) +
    40   98.152 MiB    0.000 MiB     1260284               data[i + 1][j] * di * (1 - dj) +
    41   98.152 MiB    0.000 MiB     1260284               data[i][j + 1] * (1 - di) * dj +
    42   98.152 MiB    0.000 MiB     1260284               data[i + 1][j + 1] * di * dj)


Filename: rz_pic.py

Line #    Mem usage    Increment  Occurrences   Line Contents
=============================================================
    44   98.152 MiB 60803978.559 MiB      619791   @profile
    45                                         def scatter(data, lc, value):
    46   98.152 MiB    0.000 MiB      619791       i = int(numpy.trunc(lc[0]))
    47   98.152 MiB    0.000 MiB      619791       j = int(numpy.trunc(lc[1]))
    48   98.152 MiB    0.000 MiB      619791       di = lc[0] - i
    49   98.152 MiB    0.000 MiB      619791       dj = lc[1] - j
    50                                         
    51   98.152 MiB    0.000 MiB      619791       data[i][j] += (1 - di) * (1 - dj) * value
    52   98.152 MiB    0.000 MiB      619791       data[i + 1][j] += di * (1 - dj) * value
    53   98.152 MiB    0.000 MiB      619791       data[i][j + 1] += (1 - di) * dj * value
    54   98.152 MiB    0.000 MiB      619791       data[i + 1][j + 1] += di * dj * value


Filename: rz_pic.py

Line #    Mem usage    Increment  Occurrences   Line Contents
=============================================================
    83   98.152 MiB 98244.648 MiB        1002   @profile
    84                                         def solvePotential(phi, max_it=100):
    85                                             # make copy of dirichlet nodes
    86   98.152 MiB    0.000 MiB        1002       P = numpy.copy(phi)
    87                                         
    88   98.152 MiB    0.000 MiB        1002       g = numpy.zeros_like(phi)
    89   98.152 MiB    0.000 MiB        1002       dz2 = dz * dz
    90   98.152 MiB    0.000 MiB        1002       dr2 = dr * dr
    91                                         
    92   98.152 MiB    0.000 MiB        1002       rho_e = numpy.zeros_like(phi)
    93                                         
    94                                             # set radia
    95   98.152 MiB    0.000 MiB        1002       r = numpy.zeros_like(phi)
    96   98.152 MiB    0.004 MiB       37074       for i in range(nz):
    97   98.152 MiB    0.004 MiB      468936           for j in range(nr):
    98   98.152 MiB    0.000 MiB      432864               r[i][j] = R(j)
    99                                         
   100   98.152 MiB    0.000 MiB      102102       for it in range(max_it):
   101                                                 # compute RHS
   102                                                 # rho_e = QE*n0*numpy.exp(numpy.subtract(phi,phi0)/kTe)
   103                                         
   104                                                 # for i in range(1,nz-1):
   105                                                 #    for j in range(1,nr-1):
   106                                         
   107                                                 #        if (cell_type[i,j]>0):
   108                                                 #            continue
   109                                         
   110                                                 #       rho_e=QE*n0*math.exp((phi[i,j]-phi0)/kTe)
   111                                                 #        b = (rho_i[i,j]-rho_e)/EPS0;
   112                                                 #        g[i,j] = (b +
   113                                                 #                 (phi[i,j-1]+phi[i,j+1])/dr2 +
   114                                                 #                 (phi[i,j-1]-phi[i,j+1])/(2*dr*r[i,j]) +
   115                                                 #                 (phi[i-1,j] + phi[i+1,j])/dz2) / (2/dr2 + 2/dz2)
   116                                         
   117                                                 #        phi[i,j]=g[i,j]
   118                                         
   119                                                 # compute electron term
   120   98.152 MiB    0.008 MiB      101100           rho_e = QE * n0 * numpy.exp(numpy.subtract(P, phi0) / kTe)
   121   98.152 MiB    0.066 MiB      101100           b = numpy.where(cell_type <= 0, (rho_i - rho_e) / EPS0, 0)
   122                                         
   123                                                 # regular form inside
   124   98.152 MiB    0.000 MiB      505500           g[1:-1, 1:-1] = (b[1:-1, 1:-1] +
   125   98.152 MiB    0.000 MiB      101100                            (phi[1:-1, 2:] + phi[1:-1, :-2]) / dr2 +
   126   98.152 MiB    0.062 MiB      101100                            (phi[1:-1, 0:-2] - phi[1:-1, 2:]) / (2 * dr * r[1:-1, 1:-1]) +
   127   98.152 MiB    0.000 MiB      202200                            (phi[2:, 1:-1] + phi[:-2, 1:-1]) / dz2) / (2 / dr2 + 2 / dz2)
   128                                         
   129                                                 # neumann boundaries
   130   98.152 MiB    0.000 MiB      101100           g[0] = g[1]  # left
   131   98.152 MiB    0.000 MiB      101100           g[-1] = g[-2]  # right
   132   98.152 MiB    0.000 MiB      101100           g[:, -1] = g[:, -2]  # top
   133   98.152 MiB    0.000 MiB      101100           g[:, 0] = g[:, 1]
   134                                         
   135                                                 # dirichlet nodes
   136   98.152 MiB    0.000 MiB      101100           phi = numpy.where(cell_type > 0, P, g)
   137                                         
   138   98.152 MiB    0.000 MiB        1002       return phi


Filename: rz_pic.py

Line #    Mem usage    Increment  Occurrences   Line Contents
=============================================================
   244   97.496 MiB   97.496 MiB           1   @profile
   245                                         def main():
   246                                             global nz, nr, dz, dr, dt
   247                                             global QE, AMU, EPS0
   248                                             global charge, m, qm, spwt
   249                                             global n0, phi0, phi1, kTe
   250                                             global phi, efz, efr, rho_i, den
   251                                         
   252                                             # ---------- INITIALIZATION ----------------------------------------
   253                                         
   254                                             # pl.close('all')
   255                                             # seed()
   256                                         
   257   97.508 MiB    0.004 MiB          37       for i in range(0, nz):
   258   97.508 MiB    0.000 MiB         468           for j in range(0, nr):
   259   97.508 MiB    0.000 MiB         432               pos = Pos([i, j])  # node position
   260                                         
   261                                                     # inner tube
   262   97.508 MiB    0.000 MiB         432               if ((i == 0 and pos[1] < tube1_radius) or
   263   97.508 MiB    0.000 MiB         426                       (pos[0] <= tube1_length and pos[1] >= tube1_radius and pos[1] < tube1_radius + 0.5 * dr) or
   264   97.508 MiB    0.000 MiB         415                       (pos[0] >= tube1_length and pos[0] < tube1_length + 0.5 * dz and
   265                                                              pos[1] >= tube1_aperture_rad and pos[1] < tube1_radius)):
   266   97.508 MiB    0.000 MiB          17                   cell_type[i][j] = 1
   267   97.508 MiB    0.004 MiB          17                   phi[i][j] = phi0
   268                                         
   269   97.508 MiB    0.000 MiB         432               if ((pos[0] <= tube2_length and pos[1] >= tube2_radius and pos[1] < tube2_radius + 0.5 * dr) or
   270   97.508 MiB    0.000 MiB         419                       (pos[0] >= tube2_length and pos[0] <= tube2_length + 1.5 * dz and
   271   97.508 MiB    0.000 MiB          12                        pos[1] >= tube2_aperture_rad and pos[1] <= tube2_radius)):
   272   97.508 MiB    0.000 MiB          18                   cell_type[i][j] = 2
   273   97.508 MiB    0.004 MiB          18                   phi[i][j] = phi1
   274                                         
   275                                             # ----------- COMPUTE NODE VOLUMES ------------------------
   276   97.508 MiB    0.000 MiB           1       node_volume = numpy.zeros([nz, nr])
   277   97.512 MiB    0.000 MiB          37       for i in range(0, nz):
   278   97.512 MiB    0.000 MiB         468           for j in range(0, nr):
   279   97.512 MiB    0.004 MiB         432               j_min = j - 0.5
   280   97.512 MiB    0.000 MiB         432               j_max = j + 0.5
   281   97.512 MiB    0.000 MiB         432               if j_min < 0: j_min = 0
   282   97.512 MiB    0.000 MiB         432               if j_max > nr - 1: j_max = nr - 1
   283   97.512 MiB    0.000 MiB         432               a = 0.5 if (i == 0 or i == nz - 1) else 1.0
   284                                                     # note, this is r*dr for non-boundary nodes
   285   97.512 MiB    0.000 MiB         432               node_volume[i][j] = a * dz * (R(j_max) ** 2 - R(j_min) ** 2)
   286                                         
   287                                                 # create an array of particles
   288   97.512 MiB    0.000 MiB           1       particles = []
   289                                         
   290                                             # counter for fractional particles
   291   97.512 MiB    0.000 MiB           1       mpf_rem = numpy.zeros([nz, nr])
   292   97.512 MiB    0.000 MiB           1       rho_i = numpy.zeros([nz, nr])
   293                                         
   294   97.512 MiB    0.000 MiB           1       lambda_d = math.sqrt(EPS0 * kTe / (n0 * QE))
   295                                             # print("Debye length is %.4g, which is %.2g*dz" % (lambda_d, lambda_d / dz))
   296                                             # print("Expected ion speed is %.2f m/s" % math.sqrt(2 * phi0 * qm))
   297                                         
   298                                             # positions for plotting
   299   97.512 MiB    0.000 MiB           1       pos_r = numpy.linspace(0, (nr - 1) * dr, nr)
   300   97.512 MiB    0.000 MiB           1       pos_z = numpy.linspace(0, (nz - 1) * dz, nz)
   301                                             # fig1 = pl.figure(num=None, figsize=(10, 10), dpi=80, facecolor='w', edgecolor='k')
   302   97.512 MiB    0.000 MiB           1       if draw_plot: sub = (pl.subplot(211), pl.subplot(212))
   303                                         
   304                                             # solve potential
   305   97.590 MiB   97.590 MiB           1       phi = solvePotential(phi, 1000)
   306   97.590 MiB    0.000 MiB           1       computeEF(phi, efz, efr)
   307                                         
   308                                             # ----------- MAIN LOOP --------------------------------------------
   309   98.152 MiB    0.000 MiB        1002       for ts in range(0, 1000 + 1):
   310   98.152 MiB    0.000 MiB        1001           print(ts, file=sys.stderr)
   311                                         
   312   98.152 MiB    0.000 MiB        1001           den = numpy.zeros([nz, nr])
   313                                         
   314                                                 # compute production rate
   315   98.152 MiB    0.000 MiB        1001           na = 1e15
   316   98.152 MiB    0.000 MiB        1001           ne = 1e12
   317   98.152 MiB    0.000 MiB        1001           k = 2e-10  # not a physical value
   318   98.152 MiB    0.000 MiB        1001           dni = k * ne * na * dt
   319                                         
   320                                                 # inject particles
   321   98.152 MiB    0.000 MiB        4004           for i in range(1, tube_i_max):
   322   98.152 MiB    0.000 MiB       21021               for j in range(0, tube_j_max):
   323                                         
   324                                                         # skip over solid cells
   325   98.152 MiB    0.000 MiB       18018                   if cell_type[i][j] > 0: continue
   326                                         
   327                                                         # interpolate node volume to cell center to get cell volume
   328   98.152 MiB 1766643.465 MiB       18018                   cell_volume = gather(node_volume, (i + 0.5, j + 0.5))
   329                                         
   330                                                         # floating point production rate
   331   98.152 MiB    0.000 MiB       18018                   mpf_new = dni * cell_volume / spwt + mpf_rem[i][j]
   332                                         
   333                                                         # truncate down, adding randomness
   334   98.152 MiB    0.000 MiB       18018                   mp_new = int(math.trunc(mpf_new + random()))
   335                                         
   336                                                         # save fraction part
   337   98.152 MiB    0.000 MiB       18018                   mpf_rem[i][j] = mpf_new - mp_new  # new fractional reminder
   338                                         
   339                                                         # generate this many particles
   340   98.152 MiB    0.055 MiB       20192                   for p in range(mp_new):
   341   98.152 MiB    0.000 MiB        2174                       pos = Pos([i + random(), j + random()])
   342   98.152 MiB    0.000 MiB        2174                       vel = sampleIsotropicVel(300)
   343   98.152 MiB    0.086 MiB        2174                       particles.append(Particle(pos, vel))
   344                                         
   345                                                 # some arbitrary min value
   346   98.152 MiB    0.000 MiB        1001           max_zvel = 0
   347                                         
   348                                                 # push particles
   349   98.152 MiB    0.000 MiB      622134           for part in particles:
   350                                                     # gather electric field
   351   98.152 MiB    0.004 MiB      621133               lc = XtoL(part.pos)
   352   98.152 MiB 60935616.754 MiB      621133               part_ef = [gather(efz, lc), gather(efr, lc), 0]
   353   98.152 MiB    0.031 MiB     2484532               for dim in range(3):
   354   98.152 MiB    0.000 MiB     1863399                   part.vel[dim] += qm * part_ef[dim] * dt
   355   98.152 MiB    0.031 MiB     1863399                   part.pos[dim] += part.vel[dim] * dt
   356                                         
   357                                                     # get new maximum velocity, for screen output
   358   98.152 MiB    0.000 MiB      621133               if part.vel[0] > max_zvel: max_zvel = part.vel[0]
   359                                         
   360                                                     # rotate particle back to ZR plane
   361   98.152 MiB    0.000 MiB      621133               r = math.sqrt(part.pos[1] * part.pos[1] + part.pos[2] * part.pos[2])
   362   98.152 MiB    0.000 MiB      621133               sin_theta_r = part.pos[2] / r
   363   98.152 MiB    0.000 MiB      621133               part.pos[1] = r
   364   98.152 MiB    0.000 MiB      621133               part.pos[2] = 0
   365                                         
   366                                                     # rotate velocity
   367   98.152 MiB    0.000 MiB      621133               cos_theta_r = math.sqrt(1 - sin_theta_r * sin_theta_r)
   368   98.152 MiB    0.000 MiB      621133               u2 = cos_theta_r * part.vel[1] - sin_theta_r * part.vel[2]
   369   98.152 MiB    0.000 MiB      621133               v2 = sin_theta_r * part.vel[1] + cos_theta_r * part.vel[2]
   370   98.152 MiB    0.000 MiB      621133               part.vel[1] = u2
   371   98.152 MiB    0.000 MiB      621133               part.vel[2] = v2
   372                                         
   373                                                 # compute density
   374   98.152 MiB    0.000 MiB        1001           p = 0
   375   98.152 MiB    0.000 MiB        1001           np = len(particles)
   376   98.152 MiB    0.000 MiB      622134           while p < np:
   377                                         
   378   98.152 MiB    0.000 MiB      621133               part = particles[p]
   379   98.152 MiB    0.000 MiB      621133               lc = XtoL(part.pos)
   380   98.152 MiB    0.000 MiB      621133               i = int(numpy.trunc(lc[0]))
   381   98.152 MiB    0.004 MiB      621133               j = int(numpy.trunc(lc[1]))
   382                                         
   383                                                     #
   384   98.152 MiB    0.000 MiB      621133               if i < 0 or i >= nz - 1 or j >= nr - 1 or cell_type[i][j] > 0:
   385                                                         # replace current data with the last entry
   386   98.152 MiB    0.000 MiB        1342                   particles[p] = particles[np - 1]
   387   98.152 MiB    0.000 MiB        1342                   np -= 1
   388   98.152 MiB    0.000 MiB        1342                   continue
   389                                         
   390   98.152 MiB 60803978.562 MiB      619791               scatter(den, lc, spwt)
   391   98.152 MiB    0.000 MiB      619791               p += 1
   392                                         
   393                                                 # resize particle array
   394   98.152 MiB    0.004 MiB        1001           particles = particles[0:np]
   395                                         
   396                                                 # divide by node volume
   397   98.152 MiB    0.000 MiB        1001           den /= node_volume
   398   98.152 MiB    0.000 MiB        1001           rho_i = charge * den
   399                                         
   400                                                 # update potential
   401   98.152 MiB 98147.203 MiB        1001           phi = solvePotential(phi)
   402                                         
   403                                                 # compute electric field
   404   98.152 MiB    0.000 MiB        1001           computeEF(phi, efz, efr)
   405                                         
   406                                                 # recompute reference density
   407   98.152 MiB    0.062 MiB        1001           n0 = den.max()
   408                                         
   409   98.152 MiB    0.000 MiB        1001           if draw_plot and ts % 10 == 0:
   410                                                     # print("ts: %d, np: %d, phi range: %.2g:%.2g, max_den: %.3g, max_zvel: %.f" % (ts, len(particles), phi.min(),
   411                                                     #                                                                              phi.max(), n0, max_zvel))
   412                                         
   413                                                     # sub = pl.subplot(111,aspect='equal')
   414                                         
   415                                                     # sub[0].hold(False)
   416                                                     plot(sub[0], numpy.log10(numpy.where(den <= 1e4, 1e4, den)), pos_z, pos_r, scatter=False)
   417                                                     plot(sub[1], phi, pos_z, pos_r)
   418                                                     pl.draw()
   419                                                     pl.pause(1e-4)  # allow for repaint
   420                                         
   421                                             # ----------- END OF MAIN LOOP ------------------------
   422   98.152 MiB    0.000 MiB           1       if draw_plot:
   423                                                 plot(sub[0], numpy.log10(numpy.where(den <= 1e4, 1e4, den)), pos_z, pos_r, scatter=False)
   424                                                 plot(sub[1], phi, pos_z, pos_r)
   425                                                 # Q = pl.quiver(pos_z, pos_r, numpy.transpose(efz), numpy.transpose(efr),units='xy')
   426                                                 pl.draw()
   427                                         
   428                                                 # this will block execution until figure is closed
   429                                                 pl.show()


