         7772742 function calls (7770539 primitive calls) in 7.887 seconds

   Ordered by: cumulative time

   ncalls  tottime  percall  cumtime  percall filename:lineno(function)
     94/1    0.000    0.000    7.887    7.887 {built-in method builtins.exec}
        1    0.000    0.000    7.887    7.887 rz-pic.py:1(<module>)
        1    2.088    2.088    7.811    7.811 rz-pic.py:210(main)
     1002    2.386    0.002    2.428    0.002 rz-pic.py:82(solvePotential)
  1269372    1.673    0.000    1.843    0.000 rz-pic.py:33(gather)
   624352    1.171    0.000    1.171    0.000 rz-pic.py:44(scatter)
        8    0.001    0.000    0.198    0.025 __init__.py:1(<module>)
  2556762    0.173    0.000    0.173    0.000 {built-in method math.trunc}
  1251355    0.165    0.000    0.165    0.000 rz-pic.py:19(XtoL)
  1255696    0.085    0.000    0.085    0.000 {built-in method math.sqrt}
    107/2    0.000    0.000    0.076    0.038 <frozen importlib._bootstrap>:1349(_find_and_load)
    107/2    0.000    0.000    0.076    0.038 <frozen importlib._bootstrap>:1304(_find_and_load_unlocked)
    104/2    0.000    0.000    0.076    0.038 <frozen importlib._bootstrap>:911(_load_unlocked)
     93/2    0.000    0.000    0.076    0.038 <frozen importlib._bootstrap_external>:989(exec_module)
    254/4    0.000    0.000    0.075    0.019 <frozen importlib._bootstrap>:480(_call_with_frames_removed)
    390/4    0.000    0.000    0.073    0.018 {built-in method builtins.__import__}
   144/18    0.000    0.000    0.072    0.004 <frozen importlib._bootstrap>:1390(_handle_fromlist)
        1    0.000    0.000    0.045    0.045 __config__.py:1(<module>)
   421680    0.022    0.000    0.022    0.000 rz-pic.py:29(R)
        1    0.000    0.000    0.020    0.020 _arraypad_impl.py:1(<module>)
        1    0.000    0.000    0.020    0.020 _index_tricks_impl.py:1(<module>)
        1    0.000    0.000    0.019    0.019 multiarray.py:1(<module>)
        1    0.000    0.000    0.018    0.018 defmatrix.py:1(<module>)
        1    0.000    0.000    0.017    0.017 _linalg.py:1(<module>)
      373    0.008    0.000    0.012    0.000 inspect.py:875(cleandoc)
   202200    0.012    0.000    0.012    0.000 multiarray.py:403(where)
     1002    0.012    0.000    0.012    0.000 rz-pic.py:137(computeEF)
  254/130    0.000    0.000    0.012    0.000 typing.py:392(inner)
        1    0.000    0.000    0.011    0.011 _add_newdocs.py:1(<module>)
      350    0.000    0.000    0.010    0.000 function_base.py:490(add_newdoc)
      264    0.001    0.000    0.009    0.000 overrides.py:145(decorator)
       93    0.000    0.000    0.009    0.000 <frozen importlib._bootstrap_external>:1062(get_code)
      4/3    0.000    0.000    0.009    0.003 <frozen importlib._bootstrap_external>:1295(exec_module)
      4/3    0.003    0.001    0.009    0.003 {built-in method _imp.exec_dynamic}
      350    0.000    0.000    0.008    0.000 function_base.py:474(_add_docstring)
     2170    0.006    0.000    0.008    0.000 rz-pic.py:64(sampleIsotropicVel)
      104    0.000    0.000    0.007    0.000 <frozen importlib._bootstrap>:806(module_from_spec)
      305    0.001    0.000    0.006    0.000 <frozen importlib._bootstrap>:304(acquire)
      198    0.000    0.000    0.006    0.000 <frozen importlib._bootstrap>:463(_lock_unlock_module)
        1    0.000    0.000    0.005    0.005 einsumfunc.py:1(<module>)
       23    0.000    0.000    0.005    0.000 overrides.py:184(decorator)
       93    0.000    0.000    0.005    0.000 <frozen importlib._bootstrap_external>:751(_compile_bytecode)
     2004    0.004    0.000    0.005    0.000 numeric.py:97(zeros_like)
      197    0.001    0.000    0.005    0.000 typing.py:1242(__init__)
        1    0.000    0.000    0.005    0.005 numeric.py:1(<module>)
   101/31    0.000    0.000    0.005    0.000 typing.py:1267(__getitem__)
      305    0.000    0.000    0.005    0.000 <frozen importlib._bootstrap>:162(__enter__)
        4    0.000    0.000    0.005    0.001 <frozen importlib._bootstrap_external>:1287(create_module)
        4    0.005    0.001    0.005    0.001 {built-in method _imp.create_dynamic}
      106    0.001    0.000    0.005    0.000 <frozen importlib._bootstrap>:1240(_find_spec)
       93    0.005    0.000    0.005    0.000 {built-in method marshal.loads}
        1    0.000    0.000    0.005    0.005 _dtype_like.py:1(<module>)
      305    0.004    0.000    0.005    0.000 <frozen importlib._bootstrap>:124(setdefault)
        1    0.000    0.000    0.005    0.005 _array_like.py:1(<module>)
       25    0.000    0.000    0.004    0.000 dtypes.py:30(_add_dtype_helper)
        1    0.000    0.000    0.004    0.004 _char_codes.py:1(<module>)
       50    0.000    0.000    0.004    0.000 typing.py:514(__getitem__)
       53    0.000    0.000    0.004    0.000 _add_newdocs.py:3381(_array_method_doc)
     1001    0.001    0.000    0.004    0.000 {method 'max' of 'numpy.ndarray' objects}
  144/143    0.001    0.000    0.004    0.000 {built-in method builtins.__build_class__}
       99    0.000    0.000    0.004    0.000 <frozen importlib._bootstrap_external>:1520(find_spec)
       50    0.000    0.000    0.004    0.000 typing.py:746(Literal)
       99    0.000    0.000    0.004    0.000 <frozen importlib._bootstrap_external>:1491(_get_spec)
       67    0.000    0.000    0.003    0.000 typing.py:508(__getitem__)
       67    0.000    0.000    0.003    0.000 typing.py:687(Union)
        1    0.000    0.000    0.003    0.003 shape_base.py:1(<module>)
   101/31    0.000    0.000    0.003    0.000 typing.py:1299(_determine_new_args)
   101/31    0.000    0.000    0.003    0.000 typing.py:1328(_make_substitution)
     1001    0.000    0.000    0.003    0.000 _methods.py:39(_amax)
      133    0.001    0.000    0.003    0.000 <frozen importlib._bootstrap_external>:1593(find_spec)
     1001    0.003    0.000    0.003    0.000 {method 'reduce' of 'numpy.ufunc' objects}
        1    0.000    0.000    0.003    0.003 fromnumeric.py:1(<module>)
    33208    0.003    0.000    0.003    0.000 {method 'random' of '_random.Random' objects}
     5184    0.002    0.000    0.002    0.000 {built-in method numpy.zeros}
        1    0.000    0.000    0.002    0.002 _internal.py:1(<module>)
      201    0.001    0.000    0.002    0.000 typing.py:262(_collect_parameters)
      229    0.001    0.000    0.002    0.000 overrides.py:86(verify_matching_signatures)
        1    0.000    0.000    0.002    0.002 _npyio_impl.py:1(<module>)
       93    0.000    0.000    0.002    0.000 <frozen importlib._bootstrap_external>:1183(get_data)
     1379    0.001    0.000    0.002    0.000 typing.py:1188(__setattr__)
     1002    0.000    0.000    0.002    0.000 _function_base_impl.py:924(copy)
       24    0.000    0.000    0.002    0.000 typing.py:1261(__or__)
       53    0.000    0.000    0.002    0.000 textwrap.py:419(dedent)
        1    0.000    0.000    0.002    0.002 _methods.py:1(<module>)
       31    0.000    0.000    0.002    0.000 typing.py:1562(copy_with)
19159/19129    0.002    0.000    0.002    0.000 {built-in method builtins.len}
    13337    0.002    0.000    0.002    0.000 {built-in method builtins.isinstance}
     1002    0.002    0.000    0.002    0.000 {built-in method numpy.array}
      166    0.000    0.000    0.001    0.000 __init__.py:280(_compile)
      458    0.000    0.000    0.001    0.000 _inspect.py:97(getargspec)
     6412    0.001    0.000    0.001    0.000 {built-in method builtins.getattr}
      104    0.000    0.000    0.001    0.000 <frozen importlib._bootstrap>:733(_init_module_attrs)
      107    0.000    0.000    0.001    0.000 <frozen importlib._bootstrap>:416(__enter__)
        1    0.000    0.000    0.001    0.001 numerictypes.py:1(<module>)
      186    0.000    0.000    0.001    0.000 <frozen importlib._bootstrap_external>:482(cache_from_source)
      269    0.001    0.000    0.001    0.000 functools.py:35(update_wrapper)
        9    0.000    0.000    0.001    0.000 _compiler.py:740(compile)
     1744    0.001    0.000    0.001    0.000 typing.py:1134(_is_dunder)
        1    0.000    0.000    0.001    0.001 pickle.py:1(<module>)
      197    0.000    0.000    0.001    0.000 typing.py:1147(__init__)
        1    0.000    0.000    0.001    0.001 _add_newdocs_scalars.py:1(<module>)
     6829    0.001    0.000    0.001    0.000 {built-in method builtins.min}
        1    0.000    0.000    0.001    0.001 format.py:1(<module>)
       70    0.000    0.000    0.001    0.000 typing.py:1390(copy_with)
      323    0.001    0.000    0.001    0.000 typing.py:175(_type_check)
     9116    0.001    0.000    0.001    0.000 {method 'lstrip' of 'str' objects}
        7    0.000    0.000    0.001    0.000 __init__.py:226(compile)
        8    0.000    0.000    0.001    0.000 typing.py:2780(__new__)
        1    0.000    0.000    0.001    0.001 _polynomial_impl.py:1(<module>)
      363    0.000    0.000    0.001    0.000 <frozen importlib._bootstrap_external>:140(_path_stat)
       10    0.000    0.000    0.001    0.000 __init__.py:355(namedtuple)
      750    0.001    0.000    0.001    0.000 <frozen importlib._bootstrap_external>:126(_path_join)
        1    0.000    0.000    0.001    0.001 _format_impl.py:1(<module>)
     5046    0.001    0.000    0.001    0.000 {method 'append' of 'list' objects}
      363    0.001    0.000    0.001    0.000 {built-in method posix.stat}
      255    0.000    0.000    0.001    0.000 typing.py:723(<genexpr>)
        1    0.000    0.000    0.001    0.001 _function_base_impl.py:1(<module>)
      190    0.000    0.000    0.001    0.000 <frozen importlib._bootstrap>:632(cached)
       97    0.000    0.000    0.001    0.000 <frozen importlib._bootstrap_external>:611(_get_cached)
        8    0.000    0.000    0.001    0.000 typing.py:2761(_make_nmtuple)
       76    0.000    0.000    0.001    0.000 typing.py:1609(__hash__)
     2908    0.001    0.000    0.001    0.000 {built-in method builtins.hasattr}
       93    0.001    0.000    0.001    0.000 {built-in method _io.open_code}
  533/455    0.001    0.000    0.001    0.000 typing.py:1258(__hash__)
      106    0.001    0.000    0.001    0.000 {method 'sub' of 're.Pattern' objects}
       24    0.000    0.000    0.001    0.000 inspect.py:3308(signature)
      458    0.001    0.000    0.001    0.000 _inspect.py:66(getargs)
       24    0.000    0.000    0.001    0.000 inspect.py:3050(from_callable)
       93    0.001    0.000    0.001    0.000 {method 'read' of '_io.BufferedReader' objects}
       24    0.000    0.000    0.001    0.000 inspect.py:2470(_signature_from_callable)
        9    0.000    0.000    0.001    0.000 _parser.py:969(parse)
        1    0.000    0.000    0.001    0.001 _arraysetops_impl.py:1(<module>)
     4462    0.001    0.000    0.001    0.000 typing.py:1599(<genexpr>)
      305    0.000    0.000    0.001    0.000 <frozen importlib._bootstrap>:372(release)
     15/9    0.000    0.000    0.001    0.000 _parser.py:452(_parse_sub)
       63    0.000    0.000    0.001    0.000 typing.py:1573(__hash__)
        1    0.000    0.000    0.001    0.001 _utils_impl.py:1(<module>)
       27    0.000    0.000    0.001    0.000 _add_newdocs_scalars.py:76(add_newdoc_for_scalar_type)
     15/9    0.000    0.000    0.001    0.000 _parser.py:512(_parse)
     3045    0.001    0.000    0.001    0.000 {method 'startswith' of 'str' objects}
       67    0.000    0.000    0.001    0.000 typing.py:345(_remove_dups_flatten)
       24    0.000    0.000    0.001    0.000 inspect.py:2366(_signature_from_function)
     2170    0.001    0.000    0.001    0.000 rz-pic.py:58(__init__)
       53    0.000    0.000    0.001    0.000 __init__.py:179(sub)
      365    0.000    0.000    0.001    0.000 typing.py:1178(__getattr__)
      305    0.000    0.000    0.001    0.000 <frozen importlib._bootstrap>:426(_get_module_lock)
       10    0.000    0.000    0.001    0.000 {built-in method builtins.eval}
      117    0.000    0.000    0.001    0.000 typing.py:317(_deduplicate)
  785/780    0.000    0.000    0.001    0.000 {built-in method __new__ of type object at 0xa43b40}
       11    0.000    0.000    0.000    0.000 typing.py:1264(__ror__)
        1    0.000    0.000    0.000    0.000 _twodim_base_impl.py:1(<module>)
     2170    0.000    0.000    0.000    0.000 {built-in method math.cos}
        9    0.000    0.000    0.000    0.000 _compiler.py:573(_code)
      128    0.000    0.000    0.000    0.000 {built-in method fromkeys}
       53    0.000    0.000    0.000    0.000 {method 'findall' of 're.Pattern' objects}
     1359    0.000    0.000    0.000    0.000 {method 'join' of 'str' objects}
        1    0.000    0.000    0.000    0.000 _type_check_impl.py:1(<module>)
     2590    0.000    0.000    0.000    0.000 rz-pic.py:24(Pos)
      121    0.000    0.000    0.000    0.000 <frozen importlib._bootstrap_external>:159(_path_isfile)
        1    0.000    0.000    0.000    0.000 random.py:1(<module>)
      186    0.000    0.000    0.000    0.000 <frozen importlib._bootstrap_external>:132(_path_split)
       97    0.000    0.000    0.000    0.000 <frozen importlib._bootstrap_external>:1588(_get_spec)
      129    0.000    0.000    0.000    0.000 <frozen importlib._bootstrap_external>:150(_path_is_mode_type)
        1    0.000    0.000    0.000    0.000 _globals.py:1(<module>)
      377    0.000    0.000    0.000    0.000 {method 'split' of 'str' objects}
        1    0.000    0.000    0.000    0.000 scimath.py:1(<module>)
      305    0.000    0.000    0.000    0.000 <frozen importlib._bootstrap>:74(__new__)
      106    0.000    0.000    0.000    0.000 __init__.py:164(match)
     29/9    0.000    0.000    0.000    0.000 _compiler.py:37(_compile)
       11    0.000    0.000    0.000    0.000 <frozen abc>:105(__new__)
        3    0.000    0.000    0.000    0.000 warnings.py:131(filterwarnings)
      373    0.000    0.000    0.000    0.000 {method 'expandtabs' of 'str' objects}
     1708    0.000    0.000    0.000    0.000 {built-in method builtins.setattr}
        1    0.000    0.000    0.000    0.000 printoptions.py:1(<module>)
        1    0.000    0.000    0.000    0.000 overrides.py:1(<module>)
      107    0.000    0.000    0.000    0.000 <frozen importlib._bootstrap>:420(__exit__)
        1    0.000    0.000    0.000    0.000 _nanfunctions_impl.py:1(<module>)
        1    0.000    0.000    0.000    0.000 arrayprint.py:1(<module>)
      186    0.000    0.000    0.000    0.000 typing.py:961(_is_unpacked_typevartuple)
      104    0.000    0.000    0.000    0.000 typing.py:977(_typevar_subst)
       97    0.000    0.000    0.000    0.000 <frozen importlib._bootstrap_external>:802(spec_from_file_location)
     2170    0.000    0.000    0.000    0.000 {built-in method math.sin}
      147    0.000    0.000    0.000    0.000 <frozen importlib._bootstrap_external>:1469(_path_importer_cache)
        1    0.000    0.000    0.000    0.000 _shape_base_impl.py:1(<module>)
       50    0.000    0.000    0.000    0.000 typing.py:361(_flatten_literal_params)
        1    0.000    0.000    0.000    0.000 platform.py:1(<module>)
       93    0.000    0.000    0.000    0.000 <frozen importlib._bootstrap_external>:1202(path_stats)
     1451    0.000    0.000    0.000    0.000 {method 'endswith' of 'str' objects}
       10    0.000    0.000    0.000    0.000 typing.py:1047(_generic_class_getitem)
      186    0.000    0.000    0.000    0.000 {built-in method builtins.max}
      350    0.000    0.000    0.000    0.000 function_base.py:456(_needs_add_docstring)
     2267    0.000    0.000    0.000    0.000 typing.py:1246(<genexpr>)
        1    0.000    0.000    0.000    0.000 _type_aliases.py:1(<module>)
     1686    0.000    0.000    0.000    0.000 {method 'rstrip' of 'str' objects}
      458    0.000    0.000    0.000    0.000 <string>:1(<lambda>)
        8    0.000    0.000    0.000    0.000 <frozen importlib._bootstrap_external>:1456(_path_hooks)
        1    0.000    0.000    0.000    0.000 _scimath_impl.py:1(<module>)
       93    0.000    0.000    0.000    0.000 <frozen importlib._bootstrap_external>:699(_validate_timestamp_pyc)
       93    0.000    0.000    0.000    0.000 <frozen importlib._bootstrap_external>:666(_classify_pyc)
        1    0.000    0.000    0.000    0.000 numbers.py:1(<module>)
      279    0.000    0.000    0.000    0.000 <frozen importlib._bootstrap_external>:84(_unpack_uint32)
      682    0.000    0.000    0.000    0.000 typing.py:1252(__eq__)
      305    0.000    0.000    0.000    0.000 <frozen importlib._bootstrap>:82(remove)
        5    0.000    0.000    0.000    0.000 typing.py:1822(__new__)
        8    0.000    0.000    0.000    0.000 <frozen importlib._bootstrap_external>:1644(_fill_cache)
       93    0.000    0.000    0.000    0.000 {method '__exit__' of '_io._IOBase' objects}
      305    0.000    0.000    0.000    0.000 <frozen importlib._bootstrap>:79(__init__)
     2006    0.000    0.000    0.000    0.000 multiarray.py:1085(copyto)
       75    0.000    0.000    0.000    0.000 inspect.py:2712(__init__)
      448    0.000    0.000    0.000    0.000 typing.py:166(_type_convert)
        2    0.000    0.000    0.000    0.000 enum.py:528(__new__)
    347/1    0.000    0.000    0.000    0.000 __config__.py:19(_cleanup)
        1    0.000    0.000    0.000    0.000 contextvars.py:1(<module>)
      305    0.000    0.000    0.000    0.000 <frozen importlib._bootstrap>:173(__exit__)
      458    0.000    0.000    0.000    0.000 _inspect.py:13(ismethod)
       38    0.000    0.000    0.000    0.000 {method '__typing_subst__' of 'typing.TypeVar' objects}
     1736    0.000    0.000    0.000    0.000 typing.py:774(<genexpr>)
     2004    0.000    0.000    0.000    0.000 numeric.py:91(_zeros_like_dispatcher)
      516    0.000    0.000    0.000    0.000 <frozen importlib._bootstrap>:1226(__exit__)
      822    0.000    0.000    0.000    0.000 <frozen importlib._bootstrap>:491(_verbose_message)
        8    0.000    0.000    0.000    0.000 {built-in method posix.listdir}
      516    0.000    0.000    0.000    0.000 <frozen importlib._bootstrap>:1222(__enter__)
      671    0.000    0.000    0.000    0.000 {method 'rpartition' of 'str' objects}
      954    0.000    0.000    0.000    0.000 {method 'pop' of 'list' objects}
        1    0.000    0.000    0.000    0.000 array_utils.py:1(<module>)
  672/594    0.000    0.000    0.000    0.000 {built-in method builtins.hash}
        1    0.000    0.000    0.000    0.000 _nested_sequence.py:1(<module>)
        1    0.000    0.000    0.000    0.000 _ufunclike_impl.py:1(<module>)
      167    0.000    0.000    0.000    0.000 {method 'format' of 'str' objects}
        7    0.000    0.000    0.000    0.000 <frozen importlib._bootstrap>:989(create_module)
      106    0.000    0.000    0.000    0.000 __init__.py:101(find_spec)
     1002    0.000    0.000    0.000    0.000 _function_base_impl.py:920(_copy_dispatcher)
     2004    0.000    0.000    0.000    0.000 multiarray.py:115(empty_like)
      106    0.000    0.000    0.000    0.000 <frozen importlib._bootstrap>:445(cb)
      927    0.000    0.000    0.000    0.000 {built-in method _imp.acquire_lock}
      372    0.000    0.000    0.000    0.000 <frozen importlib._bootstrap_external>:134(<genexpr>)
        7    0.000    0.000    0.000    0.000 {built-in method _imp.create_builtin}
        1    0.000    0.000    0.000    0.000 datetime.py:1(<module>)
      458    0.000    0.000    0.000    0.000 _inspect.py:26(isfunction)
      106    0.000    0.000    0.000    0.000 <frozen importlib._bootstrap>:982(find_spec)
        1    0.000    0.000    0.000    0.000 _iotools.py:1(<module>)
        9    0.000    0.000    0.000    0.000 _compiler.py:511(_compile_info)
       99    0.000    0.000    0.000    0.000 <frozen importlib._bootstrap>:1128(find_spec)
      458    0.000    0.000    0.000    0.000 _inspect.py:41(iscode)
        1    0.000    0.000    0.000    0.000 _compat_pickle.py:1(<module>)
        7    0.000    0.000    0.000    0.000 <frozen importlib._bootstrap>:997(exec_module)
        1    0.000    0.000    0.000    0.000 _nbit_base.py:1(<module>)
      227    0.000    0.000    0.000    0.000 <frozen importlib._bootstrap>:645(parent)
        1    0.000    0.000    0.000    0.000 function_base.py:1(<module>)
        8    0.000    0.000    0.000    0.000 <frozen zipimport>:64(__init__)
      927    0.000    0.000    0.000    0.000 {built-in method _imp.release_lock}
      610    0.000    0.000    0.000    0.000 {method '__exit__' of '_thread.RLock' objects}
        1    0.000    0.000    0.000    0.000 _stride_tricks_impl.py:1(<module>)
      101    0.000    0.000    0.000    0.000 typing.py:307(_unpack_args)
        7    0.000    0.000    0.000    0.000 {built-in method _imp.exec_builtin}
        1    0.000    0.000    0.000    0.000 _exceptions.py:1(<module>)
      375    0.000    0.000    0.000    0.000 {built-in method numpy._core._multiarray_umath.add_docstring}
      256    0.000    0.000    0.000    0.000 typing.py:1565(__eq__)
        1    0.000    0.000    0.000    0.000 exceptions.py:1(<module>)
      105    0.000    0.000    0.000    0.000 <frozen importlib._bootstrap_external>:185(_path_abspath)
       12    0.000    0.000    0.000    0.000 _compiler.py:243(_optimize_charset)
      106    0.000    0.000    0.000    0.000 <frozen importlib._bootstrap>:232(__init__)
        1    0.000    0.000    0.000    0.000 _endian.py:1(<module>)
      216    0.000    0.000    0.000    0.000 typing.py:1293(<genexpr>)
      458    0.000    0.000    0.000    0.000 {method 'get' of 'dict' objects}
       18    0.000    0.000    0.000    0.000 enum.py:1562(__and__)
        2    0.000    0.000    0.000    0.000 typing.py:2854(__new__)
        8    0.000    0.000    0.000    0.000 <frozen importlib._bootstrap_external>:1685(path_hook_for_FileFinder)
        1    0.000    0.000    0.000    0.000 struct.py:1(<module>)
        1    0.000    0.000    0.000    0.000 _histograms_impl.py:1(<module>)
       93    0.000    0.000    0.000    0.000 <frozen importlib._bootstrap_external>:643(_check_name_wrapper)
       24    0.000    0.000    0.000    0.000 inspect.py:2998(__init__)
      229    0.000    0.000    0.000    0.000 _parser.py:168(__getitem__)
      146    0.000    0.000    0.000    0.000 {method 'extend' of 'list' objects}
        1    0.000    0.000    0.000    0.000 records.py:1(<module>)
      610    0.000    0.000    0.000    0.000 {built-in method _thread.get_ident}
        5    0.000    0.000    0.000    0.000 typing.py:1966(__init_subclass__)
        1    0.000    0.000    0.000    0.000 getlimits.py:1(<module>)
        6    0.000    0.000    0.000    0.000 numeric.py:2737(extend_all)
      179    0.000    0.000    0.000    0.000 _parser.py:261(get)
        1    0.000    0.000    0.000    0.000 _version.py:1(<module>)
      392    0.000    0.000    0.000    0.000 {method 'add' of 'set' objects}
       93    0.000    0.000    0.000    0.000 enum.py:726(__call__)
        1    0.000    0.000    0.000    0.000 mixins.py:1(<module>)
        2    0.000    0.000    0.000    0.000 function_base.py:27(linspace)
       13    0.000    0.000    0.000    0.000 enum.py:390(__setitem__)
        1    0.000    0.000    0.000    0.000 _distributor_init.py:1(<module>)
      108    0.000    0.000    0.000    0.000 __init__.py:28(decorator)
      264    0.000    0.000    0.000    0.000 overrides.py:108(array_function_dispatch)
      280    0.000    0.000    0.000    0.000 {method 'update' of 'dict' objects}
       93    0.000    0.000    0.000    0.000 <frozen importlib._bootstrap>:48(_new_module)
        1    0.000    0.000    0.000    0.000 numbers.py:319(Integral)
       42    0.000    0.000    0.000    0.000 <frozen abc>:7(abstractmethod)
      105    0.000    0.000    0.000    0.000 <frozen importlib._bootstrap_external>:180(_path_isabs)
      309    0.000    0.000    0.000    0.000 {method 'remove' of 'list' objects}
        5    0.000    0.000    0.000    0.000 enum.py:254(__set_name__)
    34/14    0.000    0.000    0.000    0.000 _parser.py:178(getwidth)
        1    0.000    0.000    0.000    0.000 __init__.py:873(blas_fpe_check)
        1    0.000    0.000    0.000    0.000 umath.py:1(<module>)
        1    0.000    0.000    0.000    0.000 bisect.py:1(<module>)
      106    0.000    0.000    0.000    0.000 {built-in method _imp.is_builtin}
        5    0.000    0.000    0.000    0.000 {method '__init_subclass__' of 'object' objects}
       11    0.000    0.000    0.000    0.000 {built-in method _abc._abc_init}
        5    0.000    0.000    0.000    0.000 typing.py:1841(__init__)
      305    0.000    0.000    0.000    0.000 {built-in method _weakref._remove_dead_weakref}
        8    0.000    0.000    0.000    0.000 <frozen importlib._bootstrap_external>:1567(__init__)
      186    0.000    0.000    0.000    0.000 {method 'rfind' of 'str' objects}
        1    0.000    0.000    0.000    0.000 mixins.py:60(NDArrayOperatorsMixin)
        1    0.000    0.000    0.000    0.000 typing.py:731(_make_union)
        1    0.000    0.000    0.000    0.000 _datasource.py:1(<module>)
       24    0.000    0.000    0.000    0.000 inspect.py:175(get_annotations)
       21    0.000    0.000    0.000    0.000 overrides.py:25(get_array_function_like_doc)
      243    0.000    0.000    0.000    0.000 _parser.py:240(__next)
      279    0.000    0.000    0.000    0.000 {built-in method from_bytes}
        5    0.000    0.000    0.000    0.000 typing.py:1096(_generic_init_subclass)
        5    0.000    0.000    0.000    0.000 typing.py:1721(_get_protocol_attrs)
        2    0.000    0.000    0.000    0.000 enum.py:513(__prepare__)
      409    0.000    0.000    0.000    0.000 {built-in method builtins.globals}
       24    0.000    0.000    0.000    0.000 inspect.py:747(unwrap)
        1    0.000    0.000    0.000    0.000 memmap.py:1(<module>)
        1    0.000    0.000    0.000    0.000 __init__.py:809(_sanity_check)
        1    0.000    0.000    0.000    0.000 _ufunc_config.py:1(<module>)
      106    0.000    0.000    0.000    0.000 {method 'match' of 're.Pattern' objects}
       99    0.000    0.000    0.000    0.000 {built-in method _imp.find_frozen}
      305    0.000    0.000    0.000    0.000 <frozen importlib._bootstrap>:158(__init__)
      126    0.000    0.000    0.000    0.000 typing.py:1598(_value_and_type_iter)
      121    0.000    0.000    0.000    0.000 {method 'pop' of 'dict' objects}
       54    0.000    0.000    0.000    0.000 enum.py:1544(_get_value)
      107    0.000    0.000    0.000    0.000 _parser.py:176(append)
        7    0.000    0.000    0.000    0.000 <frozen abc>:110(register)
      283    0.000    0.000    0.000    0.000 {built-in method posix.fspath}
        7    0.000    0.000    0.000    0.000 {built-in method _abc._abc_register}
      104    0.000    0.000    0.000    0.000 typing.py:1603(__eq__)
       14    0.000    0.000    0.000    0.000 __init__.py:145(_check_size)
        1    0.000    0.000    0.000    0.000 _globals.py:66(_CopyMode)
        5    0.000    0.000    0.000    0.000 _parser.py:98(closegroup)
        3    0.000    0.000    0.000    0.000 __init__.py:509(PYFUNCTYPE)
        1    0.000    0.000    0.000    0.000 __init__.py:265(_reset_cache)
      106    0.000    0.000    0.000    0.000 _virtualenv.py:52(find_spec)
        2    0.000    0.000    0.000    0.000 random.py:135(seed)
        2    0.000    0.000    0.000    0.000 __init__.py:73(CFUNCTYPE)
       26    0.000    0.000    0.000    0.000 {method 'replace' of 'str' objects}
      106    0.000    0.000    0.000    0.000 <frozen importlib._bootstrap>:599(__init__)
       99    0.000    0.000    0.000    0.000 inspect.py:3045(<genexpr>)
        2    0.000    0.000    0.000    0.000 {built-in method builtins.sorted}
        7    0.000    0.000    0.000    0.000 <frozen importlib._bootstrap>:662(spec_from_loader)
        1    0.000    0.000    0.000    0.000 _array_api_info.py:1(<module>)
        1    0.000    0.000    0.000    0.000 numerictypes.py:626(_register_types)
     16/7    0.000    0.000    0.000    0.000 <frozen abc>:121(__subclasscheck__)
        2    0.000    0.000    0.000    0.000 numeric.py:170(ones)
        1    0.000    0.000    0.000    0.000 __config__.py:14(DisplayModes)
       13    0.000    0.000    0.000    0.000 mixins.py:45(_numeric_methods)
        9    0.000    0.000    0.000    0.000 overrides.py:30(finalize_array_function_like)
       48    0.000    0.000    0.000    0.000 _add_newdocs_scalars.py:89(<genexpr>)
      108    0.000    0.000    0.000    0.000 __init__.py:17(set_module)
     16/7    0.000    0.000    0.000    0.000 {built-in method _abc._abc_subclasscheck}
        1    0.000    0.000    0.000    0.000 _scalars.py:1(<module>)
        8    0.000    0.000    0.000    0.000 <frozen importlib._bootstrap_external>:164(_path_isdir)
      106    0.000    0.000    0.000    0.000 {built-in method _thread.allocate_lock}
        2    0.000    0.000    0.000    0.000 {built-in method _ctypes.POINTER}
       93    0.000    0.000    0.000    0.000 enum.py:1129(__new__)
      117    0.000    0.000    0.000    0.000 {method 'isidentifier' of 'str' objects}
      100    0.000    0.000    0.000    0.000 _parser.py:256(match)
        1    0.000    0.000    0.000    0.000 random.py:126(__init__)
       15    0.000    0.000    0.000    0.000 _compiler.py:398(_simple)
       21    0.000    0.000    0.000    0.000 {built-in method builtins.locals}
       14    0.000    0.000    0.000    0.000 {built-in method posix.getcwd}
        4    0.000    0.000    0.000    0.000 _compiler.py:386(_mk_bitmap)
        1    0.000    0.000    0.000    0.000 pickle.py:1129(_Unpickler)
        1    0.000    0.000    0.000    0.000 __init__.py:343(__init__)
        1    0.000    0.000    0.000    0.000 _ufunc.py:1(<module>)
        1    0.000    0.000    0.000    0.000 __init__.py:890(hugepage_setup)
        1    0.000    0.000    0.000    0.000 _asarray.py:1(<module>)
      176    0.000    0.000    0.000    0.000 {built-in method builtins.issubclass}
       61    0.000    0.000    0.000    0.000 _parser.py:164(__len__)
        1    0.000    0.000    0.000    0.000 _linalg.py:84(EigResult)
       80    0.000    0.000    0.000    0.000 {method 'strip' of 'str' objects}
        1    0.000    0.000    0.000    0.000 _linalg.py:100(SVDResult)
       47    0.000    0.000    0.000    0.000 _parser.py:293(tell)
        2    0.000    0.000    0.000    0.000 {function Random.seed at 0x7fcdac99e700}
       12    0.000    0.000    0.000    0.000 _compiler.py:216(_compile_charset)
        1    0.000    0.000    0.000    0.000 _dtype.py:1(<module>)
      113    0.000    0.000    0.000    0.000 {method '__contains__' of 'frozenset' objects}
        1    0.000    0.000    0.000    0.000 _dtype_ctypes.py:1(<module>)
       93    0.000    0.000    0.000    0.000 {built-in method _imp._fix_co_filename}
        4    0.000    0.000    0.000    0.000 enum.py:967(_get_mixins_)
        1    0.000    0.000    0.000    0.000 _add_newdocs_scalars.py:18(numeric_type_aliases)
       24    0.000    0.000    0.000    0.000 numerictypes.py:594(_scalar_type_key)
      9/8    0.000    0.000    0.000    0.000 _compiler.py:436(_get_literal_prefix)
        1    0.000    0.000    0.000    0.000 _arrayterator_impl.py:1(<module>)
        1    0.000    0.000    0.000    0.000 {method 'disable' of '_lsprof.Profiler' objects}
        1    0.000    0.000    0.000    0.000 _linalg.py:88(EighResult)
        5    0.000    0.000    0.000    0.000 {method 'sort' of 'list' objects}
        1    0.000    0.000    0.000    0.000 _iotools.py:452(StringConverter)
       15    0.000    0.000    0.000    0.000 {built-in method builtins.delattr}
      107    0.000    0.000    0.000    0.000 <frozen importlib._bootstrap>:412(__init__)
       48    0.000    0.000    0.000    0.000 inspect.py:371(isfunction)
        1    0.000    0.000    0.000    0.000 multiarray.py:81(_override___module__)
        2    0.000    0.000    0.000    0.000 arrayprint.py:577(decorating_function)
       10    0.000    0.000    0.000    0.000 _parser.py:449(_uniq)
        1    0.000    0.000    0.000    0.000 _linalg.py:92(QRResult)
        4    0.000    0.000    0.000    0.000 warnings.py:182(_add_filter)
       18    0.000    0.000    0.000    0.000 _add_newdocs_scalars.py:19(type_aliases_gen)
        1    0.000    0.000    0.000    0.000 _linalg.py:96(SlogdetResult)
      121    0.000    0.000    0.000    0.000 {built-in method builtins.ord}
        4    0.000    0.000    0.000    0.000 <frozen os>:680(__getitem__)
        3    0.000    0.000    0.000    0.000 typing.py:2112(runtime_checkable)
       93    0.000    0.000    0.000    0.000 <frozen importlib._bootstrap_external>:1153(__init__)
        1    0.000    0.000    0.000    0.000 getlimits.py:60(finfo)
        2    0.000    0.000    0.000    0.000 functools.py:518(decorating_function)
       42    0.000    0.000    0.000    0.000 {method 'find' of 'bytearray' objects}
        7    0.000    0.000    0.000    0.000 _parser.py:372(_escape)
      133    0.000    0.000    0.000    0.000 <frozen importlib._bootstrap_external>:71(_relax_case)
        1    0.000    0.000    0.000    0.000 _pytesttester.py:1(<module>)
        9    0.000    0.000    0.000    0.000 _parser.py:231(__init__)
        1    0.000    0.000    0.000    0.000 _polynomial_impl.py:1093(poly1d)
        1    0.000    0.000    0.000    0.000 _string_helpers.py:1(<module>)
        5    0.000    0.000    0.000    0.000 _parser.py:86(opengroup)
        1    0.000    0.000    0.000    0.000 numbers.py:57(Complex)
        4    0.000    0.000    0.000    0.000 enum.py:1008(_find_data_type_)
        9    0.000    0.000    0.000    0.000 enum.py:850(__setattr__)
       20    0.000    0.000    0.000    0.000 typing.py:1061(<genexpr>)
       10    0.000    0.000    0.000    0.000 <frozen os>:762(encode)
       18    0.000    0.000    0.000    0.000 {built-in method _struct.calcsize}
       67    0.000    0.000    0.000    0.000 {method 'items' of 'dict' objects}
      104    0.000    0.000    0.000    0.000 <frozen importlib._bootstrap>:653(has_location)
        1    0.000    0.000    0.000    0.000 _array_utils_impl.py:1(<module>)
        4    0.000    0.000    0.000    0.000 _parser.py:274(getuntil)
        2    0.000    0.000    0.000    0.000 <frozen _collections_abc>:804(get)
        1    0.000    0.000    0.000    0.000 _array_like.py:36(_SupportsArrayFunc)
       93    0.000    0.000    0.000    0.000 <frozen importlib._bootstrap_external>:1178(get_filename)
        1    0.000    0.000    0.000    0.000 _internal.py:253(_missing_ctypes)
        1    0.000    0.000    0.000    0.000 {built-in method builtins.dir}
       15    0.000    0.000    0.000    0.000 enum.py:785(__delattr__)
        2    0.000    0.000    0.000    0.000 enum.py:1035(_find_new_)
        7    0.000    0.000    0.000    0.000 <frozen importlib._bootstrap>:501(_requires_builtin_wrapper)
       22    0.000    0.000    0.000    0.000 _type_aliases.py:128(<lambda>)
        1    0.000    0.000    0.000    0.000 defmatrix.py:73(matrix)
       20    0.000    0.000    0.000    0.000 mixins.py:17(_binary_method)
        1    0.000    0.000    0.000    0.000 warnings.py:166(simplefilter)
        2    0.000    0.000    0.000    0.000 <frozen os>:688(__setitem__)
       93    0.000    0.000    0.000    0.000 <frozen importlib._bootstrap_external>:986(create_module)
       38    0.000    0.000    0.000    0.000 {built-in method sys.intern}
       28    0.000    0.000    0.000    0.000 _parser.py:83(groups)
       38    0.000    0.000    0.000    0.000 __init__.py:429(<genexpr>)
       13    0.000    0.000    0.000    0.000 enum.py:79(_is_private)
        2    0.000    0.000    0.000    0.000 <frozen os>:694(__delitem__)
        1    0.000    0.000    0.000    0.000 random.py:110(Random)
        1    0.000    0.000    0.000    0.000 contextlib.py:272(contextmanager)
        6    0.000    0.000    0.000    0.000 _nbit_base.py:57(__init_subclass__)
       85    0.000    0.000    0.000    0.000 _compat_pickle.py:167(<genexpr>)
       60    0.000    0.000    0.000    0.000 {built-in method builtins.callable}
        1    0.000    0.000    0.000    0.000 numbers.py:172(Real)
        1    0.000    0.000    0.000    0.000 pickle.py:401(_Pickler)
        9    0.000    0.000    0.000    0.000 {built-in method _sre.compile}
        1    0.000    0.000    0.000    0.000 {method 'dot' of 'numpy.ndarray' objects}
       64    0.000    0.000    0.000    0.000 <frozen importlib._bootstrap_external>:1573(<genexpr>)
        1    0.000    0.000    0.000    0.000 _add_newdocs_scalars.py:54(_get_platform_and_machine)
       77    0.000    0.000    0.000    0.000 {built-in method _sre.unicode_iscased}
        2    0.000    0.000    0.000    0.000 {built-in method posix.uname}
        1    0.000    0.000    0.000    0.000 _ufunc_config.py:472(__enter__)
        1    0.000    0.000    0.000    0.000 {built-in method math.exp}
        2    0.000    0.000    0.000    0.000 <frozen _collections_abc>:811(__contains__)
       30    0.000    0.000    0.000    0.000 {method 'get' of 'mappingproxy' objects}
        7    0.000    0.000    0.000    0.000 typing.py:295(_check_generic)
       18    0.000    0.000    0.000    0.000 _compiler.py:570(isstring)
        3    0.000    0.000    0.000    0.000 getlimits.py:412(__init__)
        7    0.000    0.000    0.000    0.000 {built-in method builtins.any}
       13    0.000    0.000    0.000    0.000 enum.py:59(_is_sunder)
        6    0.000    0.000    0.000    0.000 typing.py:2310(get_origin)
       75    0.000    0.000    0.000    0.000 inspect.py:2765(name)
        2    0.000    0.000    0.000    0.000 {built-in method numpy.empty}
        1    0.000    0.000    0.000    0.000 _nbit.py:1(<module>)
        1    0.000    0.000    0.000    0.000 _shape.py:1(<module>)
       23    0.000    0.000    0.000    0.000 overrides.py:180(array_function_from_dispatcher)
        1    0.000    0.000    0.000    0.000 _expired_attrs_2_0.py:1(<module>)
        6    0.000    0.000    0.000    0.000 _exceptions.py:16(_display_as_base)
       65    0.000    0.000    0.000    0.000 {built-in method _sre.unicode_tolower}
        3    0.000    0.000    0.000    0.000 {built-in method builtins.all}
       43    0.000    0.000    0.000    0.000 _compat_pickle.py:165(<genexpr>)
        1    0.000    0.000    0.000    0.000 __init__.py:442(LibraryLoader)
        1    0.000    0.000    0.000    0.000 _index_tricks_impl.py:325(AxisConcatenator)
        2    0.000    0.000    0.000    0.000 {built-in method numpy.arange}
        7    0.000    0.000    0.000    0.000 _compiler.py:467(_get_charset_prefix)
       11    0.000    0.000    0.000    0.000 enum.py:48(_is_dunder)
        1    0.000    0.000    0.000    0.000 platform.py:842(uname_result)
       38    0.000    0.000    0.000    0.000 {built-in method _ctypes.sizeof}
        1    0.000    0.000    0.000    0.000 getlimits.py:354(iinfo)
        1    0.000    0.000    0.000    0.000 <frozen _collections_abc>:469(__new__)
        1    0.000    0.000    0.000    0.000 _inspect.py:1(<module>)
       30    0.000    0.000    0.000    0.000 _parser.py:113(__init__)
        9    0.000    0.000    0.000    0.000 _parser.py:953(fix_flags)
       13    0.000    0.000    0.000    0.000 enum.py:70(_is_internal_class)
        5    0.000    0.000    0.000    0.000 enum.py:202(__get__)
       24    0.000    0.000    0.000    0.000 {built-in method sys.getrecursionlimit}
       14    0.000    0.000    0.000    0.000 mixins.py:27(_reflected_binary_method)
        5    0.000    0.000    0.000    0.000 enum.py:38(_is_descriptor)
        2    0.000    0.000    0.000    0.000 {built-in method posix.putenv}
        1    0.000    0.000    0.000    0.000 _array_api_info.py:29(__array_namespace_info__)
       27    0.000    0.000    0.000    0.000 {method 'lower' of 'str' objects}
       16    0.000    0.000    0.000    0.000 _compiler.py:428(_get_iscased)
       24    0.000    0.000    0.000    0.000 {built-in method builtins.id}
       13    0.000    0.000    0.000    0.000 mixins.py:37(_inplace_binary_method)
        2    0.000    0.000    0.000    0.000 enum.py:957(_check_for_existing_members_)
        6    0.000    0.000    0.000    0.000 typing.py:1070(<genexpr>)
        1    0.000    0.000    0.000    0.000 _arrayterator_impl.py:16(Arrayterator)
        1    0.000    0.000    0.000    0.000 stride_tricks.py:1(<module>)
        4    0.000    0.000    0.000    0.000 typing.py:1415(__mro_entries__)
        2    0.000    0.000    0.000    0.000 enum.py:383(__init__)
        1    0.000    0.000    0.000    0.000 _exceptions.py:108(_ArrayMemoryError)
        1    0.000    0.000    0.000    0.000 _datasource.py:195(DataSource)
       14    0.000    0.000    0.000    0.000 {method 'islower' of 'str' objects}
        8    0.000    0.000    0.000    0.000 functools.py:965(__init__)
        1    0.000    0.000    0.000    0.000 npyio.py:1(<module>)
        2    0.000    0.000    0.000    0.000 copyreg.py:12(pickle)
        4    0.000    0.000    0.000    0.000 _parser.py:304(checkgroupname)
        1    0.000    0.000    0.000    0.000 _iotools.py:229(NameValidator)
        1    0.000    0.000    0.000    0.000 records.py:196(record)
        1    0.000    0.000    0.000    0.000 _ufunc_config.py:386(errstate)
        1    0.000    0.000    0.000    0.000 _ufunc_config.py:488(__exit__)
        9    0.000    0.000    0.000    0.000 _parser.py:77(__init__)
        1    0.000    0.000    0.000    0.000 _internal.py:262(_ctypes)
       15    0.000    0.000    0.000    0.000 _parser.py:172(__setitem__)
       16    0.000    0.000    0.000    0.000 typing.py:2786(<genexpr>)
        1    0.000    0.000    0.000    0.000 pickle.py:194(_Framer)
        1    0.000    0.000    0.000    0.000 version.py:1(<module>)
        1    0.000    0.000    0.000    0.000 _parser.py:893(_parse_flags)
        4    0.000    0.000    0.000    0.000 mixins.py:52(_unary_method)
        2    0.000    0.000    0.000    0.000 {method 'reshape' of 'numpy.ndarray' objects}
        7    0.000    0.000    0.000    0.000 typing.py:2534(final)
        1    0.000    0.000    0.000    0.000 _ufunc_config.py:462(__init__)
        1    0.000    0.000    0.000    0.000 platform.py:794(_Processor)
        1    0.000    0.000    0.000    0.000 _npyio_impl.py:115(NpzFile)
        1    0.000    0.000    0.000    0.000 {built-in method numpy._core._multiarray_umath._make_extobj}
        1    0.000    0.000    0.000    0.000 _index_tricks_impl.py:549(__init__)
        8    0.000    0.000    0.000    0.000 typing.py:2846(_namedtuple_mro_entries)
       10    0.000    0.000    0.000    0.000 {method 'encode' of 'str' objects}
       21    0.000    0.000    0.000    0.000 __init__.py:108(<lambda>)
        1    0.000    0.000    0.000    0.000 random.py:222(__init_subclass__)
        1    0.000    0.000    0.000    0.000 arrayprint.py:1455(StructuredVoidFormat)
        8    0.000    0.000    0.000    0.000 {method 'removeprefix' of 'str' objects}
        3    0.000    0.000    0.000    0.000 functools.py:65(wraps)
        3    0.000    0.000    0.000    0.000 __init__.py:907(<genexpr>)
        1    0.000    0.000    0.000    0.000 _compiler.py:407(_generate_overlap_table)
        1    0.000    0.000    0.000    0.000 numbers.py:292(Rational)
        1    0.000    0.000    0.000    0.000 _nested_sequence.py:13(_NestedSequence)
        2    0.000    0.000    0.000    0.000 {built-in method posix.unsetenv}
        2    0.000    0.000    0.000    0.000 enum.py:986(_find_data_repr_)
        1    0.000    0.000    0.000    0.000 _index_tricks_impl.py:266(__init__)
        2    0.000    0.000    0.000    0.000 {method 'as_arrays' of 'numpy._core._multiarray_umath._array_converter' objects}
        6    0.000    0.000    0.000    0.000 _compiler.py:31(_combine_flags)
        1    0.000    0.000    0.000    0.000 _version.py:13(NumpyVersion)
        2    0.000    0.000    0.000    0.000 {method 'result_type' of 'numpy._core._multiarray_umath._array_converter' objects}
        4    0.000    0.000    0.000    0.000 {method 'translate' of 'bytearray' objects}
        5    0.000    0.000    0.000    0.000 _pytesttester.py:75(__init__)
        1    0.000    0.000    0.000    0.000 {built-in method _ctypes.dlopen}
        7    0.000    0.000    0.000    0.000 {method 'setdefault' of 'dict' objects}
        4    0.000    0.000    0.000    0.000 typing.py:2867(<genexpr>)
        1    0.000    0.000    0.000    0.000 _dtype_like.py:29(_DTypeDictBase)
        1    0.000    0.000    0.000    0.000 arrayprint.py:1333(ComplexFloatingFormat)
        2    0.000    0.000    0.000    0.000 {method 'astype' of 'numpy.ndarray' objects}
        1    0.000    0.000    0.000    0.000 _function_base_impl.py:2267(vectorize)
        3    0.000    0.000    0.000    0.000 typing.py:966(_is_typevar_like)
        1    0.000    0.000    0.000    0.000 _dtype_like.py:35(_DTypeDict)
        1    0.000    0.000    0.000    0.000 __init__.py:322(CDLL)
        1    0.000    0.000    0.000    0.000 _index_tricks_impl.py:556(CClass)
        2    0.000    0.000    0.000    0.000 functools.py:479(lru_cache)
        8    0.000    0.000    0.000    0.000 functools.py:970(__set_name__)
        3    0.000    0.000    0.000    0.000 __init__.py:510(CFunctionType)
        1    0.000    0.000    0.000    0.000 memmap.py:23(memmap)
        5    0.000    0.000    0.000    0.000 enum.py:1292(value)
        1    0.000    0.000    0.000    0.000 _datasource.py:532(Repository)
        1    0.000    0.000    0.000    0.000 records.py:279(recarray)
        2    0.000    0.000    0.000    0.000 _index_tricks_impl.py:337(__init__)
        1    0.000    0.000    0.000    0.000 _internal.py:591(_Stream)
        1    0.000    0.000    0.000    0.000 _iotools.py:133(LineSplitter)
        1    0.000    0.000    0.000    0.000 _index_tricks_impl.py:583(__init__)
        2    0.000    0.000    0.000    0.000 numeric.py:1962(isscalar)
        1    0.000    0.000    0.000    0.000 _globals.py:53(__new__)
        2    0.000    0.000    0.000    0.000 {method 'wrap' of 'numpy._core._multiarray_umath._array_converter' objects}
        1    0.000    0.000    0.000    0.000 random.py:876(SystemRandom)
        1    0.000    0.000    0.000    0.000 _arraysetops_impl.py:419(UniqueAllResult)
        6    0.000    0.000    0.000    0.000 {method 'discard' of 'set' objects}
        1    0.000    0.000    0.000    0.000 {method 'set' of '_contextvars.ContextVar' objects}
        1    0.000    0.000    0.000    0.000 _array_like.py:31(_SupportsArray)
        1    0.000    0.000    0.000    0.000 _internal.py:211(dummy_ctype)
        1    0.000    0.000    0.000    0.000 _dtype_like.py:44(_HasDType)
        2    0.000    0.000    0.000    0.000 __init__.py:102(CFunctionType)
        1    0.000    0.000    0.000    0.000 records.py:56(format_parser)
        1    0.000    0.000    0.000    0.000 _index_tricks_impl.py:318(__init__)
        1    0.000    0.000    0.000    0.000 _dtype_like.py:49(_HasNumPyDType)
        1    0.000    0.000    0.000    0.000 {method 'reset' of '_contextvars.ContextVar' objects}
        2    0.000    0.000    0.000    0.000 {method 'setter' of 'property' objects}
        1    0.000    0.000    0.000    0.000 arrayprint.py:977(FloatingFormat)
        5    0.000    0.000    0.000    0.000 typing.py:1971(<genexpr>)
        2    0.000    0.000    0.000    0.000 fromnumeric.py:3482(ndim)
        1    0.000    0.000    0.000    0.000 pickle.py:257(_Unframer)
        3    0.000    0.000    0.000    0.000 {method 'keys' of 'dict' objects}
        1    0.000    0.000    0.000    0.000 _arraysetops_impl.py:426(UniqueCountsResult)
        1    0.000    0.000    0.000    0.000 _datasource.py:72(_FileOpeners)
        2    0.000    0.000    0.000    0.000 {built-in method sys._getframemodulename}
        1    0.000    0.000    0.000    0.000 _index_tricks_impl.py:107(nd_grid)
        4    0.000    0.000    0.000    0.000 {method 'insert' of 'list' objects}
        1    0.000    0.000    0.000    0.000 _exceptions.py:37(_UFuncNoLoopError)
        1    0.000    0.000    0.000    0.000 arrayprint.py:1392(DatetimeFormat)
        2    0.000    0.000    0.000    0.000 _index_tricks_impl.py:143(__init__)
        4    0.000    0.000    0.000    0.000 <frozen importlib._bootstrap_external>:1276(__init__)
        1    0.000    0.000    0.000    0.000 _npyio_impl.py:50(BagObj)
        1    0.000    0.000    0.000    0.000 _exceptions.py:67(_UFuncCastingError)
        2    0.000    0.000    0.000    0.000 {method 'isdisjoint' of 'set' objects}
        1    0.000    0.000    0.000    0.000 _datasource.py:97(__init__)
        1    0.000    0.000    0.000    0.000 _globals.py:32(_NoValueType)
        1    0.000    0.000    0.000    0.000 _arraysetops_impl.py:431(UniqueInverseResult)
        1    0.000    0.000    0.000    0.000 __init__.py:373(_FuncPtr)
        1    0.000    0.000    0.000    0.000 __init__.py:157(py_object)
        2    0.000    0.000    0.000    0.000 {built-in method math.log}
        1    0.000    0.000    0.000    0.000 _stride_tricks_impl.py:14(DummyArray)
        1    0.000    0.000    0.000    0.000 _index_tricks_impl.py:211(MGridClass)
        2    0.000    0.000    0.000    0.000 {method 'clear' of 'dict' objects}
        1    0.000    0.000    0.000    0.000 exceptions.py:108(AxisError)
        1    0.000    0.000    0.000    0.000 _index_tricks_impl.py:590(ndenumerate)
        1    0.000    0.000    0.000    0.000 _pytesttester.py:45(PytestTester)
        1    0.000    0.000    0.000    0.000 {built-in method posix.register_at_fork}
        7    0.000    0.000    0.000    0.000 <frozen importlib._bootstrap>:1014(is_package)
        1    0.000    0.000    0.000    0.000 _utils_impl.py:126(_Deprecate)
        1    0.000    0.000    0.000    0.000 _nbit_base.py:7(NBitBase)
        1    0.000    0.000    0.000    0.000 _exceptions.py:52(_UFuncBinaryResolutionError)
        4    0.000    0.000    0.000    0.000 {built-in method _warnings._filters_mutated}
        1    0.000    0.000    0.000    0.000 rz-pic.py:57(Particle)
        1    0.000    0.000    0.000    0.000 _index_tricks_impl.py:723(IndexExpression)
        2    0.000    0.000    0.000    0.000 arrayprint.py:567(_recursive_guard)
        2    0.000    0.000    0.000    0.000 __init__.py:443(__init__)
        1    0.000    0.000    0.000    0.000 _index_tricks_impl.py:640(ndindex)
        1    0.000    0.000    0.000    0.000 _exceptions.py:92(_UFuncOutputCastingError)
        1    0.000    0.000    0.000    0.000 _convertions.py:1(<module>)
        1    0.000    0.000    0.000    0.000 __init__.py:402(PyDLL)
        1    0.000    0.000    0.000    0.000 _endian.py:23(_swapped_meta)
        1    0.000    0.000    0.000    0.000 introspect.py:1(<module>)
        1    0.000    0.000    0.000    0.000 _exceptions.py:76(_UFuncInputCastingError)
        1    0.000    0.000    0.000    0.000 _exceptions.py:31(UFuncTypeError)
        1    0.000    0.000    0.000    0.000 arrayprint.py:1366(_TimelikeFormat)
        1    0.000    0.000    0.000    0.000 {method 'copy' of 'list' objects}
        1    0.000    0.000    0.000    0.000 arrayprint.py:1304(IntegerFormat)
        1    0.000    0.000    0.000    0.000 arrayprint.py:1429(SubArrayFormat)
        1    0.000    0.000    0.000    0.000 dtypes.py:1(<module>)
        2    0.000    0.000    0.000    0.000 function_base.py:22(_linspace_dispatcher)
        1    0.000    0.000    0.000    0.000 numbers.py:37(Number)
        1    0.000    0.000    0.000    0.000 _index_tricks_impl.py:273(OGridClass)
        5    0.000    0.000    0.000    0.000 enum.py:251(__init__)
        2    0.000    0.000    0.000    0.000 {method 'values' of 'dict' objects}
        1    0.000    0.000    0.000    0.000 _endian.py:48(BigEndianStructure)
        1    0.000    0.000    0.000    0.000 _index_tricks_impl.py:452(RClass)
        2    0.000    0.000    0.000    0.000 _index_tricks_impl.py:770(__init__)
        1    0.000    0.000    0.000    0.000 _nbit_base.py:71(_96Bit)
        1    0.000    0.000    0.000    0.000 {built-in method numpy._core._multiarray_umath._reload_guard}
        1    0.000    0.000    0.000    0.000 _internal.py:257(c_void_p)
        1    0.000    0.000    0.000    0.000 arrayprint.py:1424(TimedeltaFormat)
        1    0.000    0.000    0.000    0.000 __init__.py:257(c_wchar_p)
        1    0.000    0.000    0.000    0.000 {built-in method numpy._core._multiarray_umath.set_typeDict}
        1    0.000    0.000    0.000    0.000 arrayprint.py:1323(BoolFormat)
        1    0.000    0.000    0.000    0.000 copyreg.py:22(constructor)
        2    0.000    0.000    0.000    0.000 {built-in method _operator.index}
        1    0.000    0.000    0.000    0.000 __init__.py:166(c_short)
        1    0.000    0.000    0.000    0.000 _globals.py:99(_SignatureDescriptor)
        5    0.000    0.000    0.000    0.000 enum.py:1185(__init__)
        1    0.000    0.000    0.000    0.000 pickle.py:97(_Stop)
        1    0.000    0.000    0.000    0.000 _linalg.py:114(LinAlgError)
        1    0.000    0.000    0.000    0.000 __init__.py:178(c_ulong)
        1    0.000    0.000    0.000    0.000 __init__.py:241(c_char_p)
        1    0.000    0.000    0.000    0.000 __init__.py:170(c_ushort)
        1    0.000    0.000    0.000    0.000 typing.py:3013(<lambda>)
        1    0.000    0.000    0.000    0.000 pickle.py:73(PickleError)
        1    0.000    0.000    0.000    0.000 exceptions.py:47(ComplexWarning)
        1    0.000    0.000    0.000    0.000 _iotools.py:423(ConverterError)
        1    0.000    0.000    0.000    0.000 _endian.py:55(BigEndianUnion)
        1    0.000    0.000    0.000    0.000 exceptions.py:58(ModuleDeprecationWarning)
        1    0.000    0.000    0.000    0.000 numerictypes.py:368(_PreprocessDTypeError)
        1    0.000    0.000    0.000    0.000 _ufunc_config.py:379(_unspecified)
        1    0.000    0.000    0.000    0.000 <string>:1(<module>)
        1    0.000    0.000    0.000    0.000 _nbit_base.py:65(_128Bit)
        1    0.000    0.000    0.000    0.000 exceptions.py:199(DTypePromotionError)
        1    0.000    0.000    0.000    0.000 <frozen _collections_abc>:511(_is_param_expr)
        1    0.000    0.000    0.000    0.000 {built-in method numpy._core._multiarray_umath._set_madvise_hugepage}
        1    0.000    0.000    0.000    0.000 __init__.py:174(c_long)
        1    0.000    0.000    0.000    0.000 __init__.py:191(c_uint)
        2    0.000    0.000    0.000    0.000 fromnumeric.py:3478(_ndim_dispatcher)
        1    0.000    0.000    0.000    0.000 pickle.py:84(UnpicklingError)
        1    0.000    0.000    0.000    0.000 __init__.py:262(c_wchar)
        1    0.000    0.000    0.000    0.000 pickle.py:77(PicklingError)
        1    0.000    0.000    0.000    0.000 __init__.py:187(c_int)
        1    0.000    0.000    0.000    0.000 __init__.py:247(c_void_p)
        1    0.000    0.000    0.000    0.000 exceptions.py:96(TooHardError)
        1    0.000    0.000    0.000    0.000 __init__.py:199(c_double)
        1    0.000    0.000    0.000    0.000 _iotools.py:439(ConversionWarning)
        1    0.000    0.000    0.000    0.000 _endian.py:34(_swapped_struct_meta)
        1    0.000    0.000    0.000    0.000 _endian.py:35(_swapped_union_meta)
        1    0.000    0.000    0.000    0.000 __init__.py:195(c_float)
        1    0.000    0.000    0.000    0.000 __init__.py:203(c_longdouble)
        1    0.000    0.000    0.000    0.000 __init__.py:224(c_ubyte)
        1    0.000    0.000    0.000    0.000 exceptions.py:75(VisibleDeprecationWarning)
        1    0.000    0.000    0.000    0.000 _iotools.py:431(ConverterLockError)
        1    0.000    0.000    0.000    0.000 exceptions.py:86(RankWarning)
        1    0.000    0.000    0.000    0.000 _nbit_base.py:91(_8Bit)
        1    0.000    0.000    0.000    0.000 __init__.py:231(c_byte)
        1    0.000    0.000    0.000    0.000 __init__.py:236(c_char)
        1    0.000    0.000    0.000    0.000 __init__.py:252(c_bool)
        1    0.000    0.000    0.000    0.000 _nbit_base.py:76(_64Bit)
        1    0.000    0.000    0.000    0.000 _nbit_base.py:81(_32Bit)
        1    0.000    0.000    0.000    0.000 _nbit_base.py:86(_16Bit)


